{
  "stats": {
    "suites": 1,
    "tests": 1,
    "passes": 1,
    "pending": 0,
    "failures": 0,
    "start": "2025-09-24T00:59:29.158Z",
    "end": "2025-09-24T00:59:36.693Z",
    "duration": 7535,
    "testsRegistered": 1,
    "passPercent": 100,
    "pendingPercent": 0,
    "other": 0,
    "hasOther": false,
    "skipped": 0,
    "hasSkipped": false
  },
  "results": [
    {
      "uuid": "b140a0f2-324b-4aac-8ed6-fe07f881f4b9",
      "title": "",
      "fullFile": "cypress/e2e/users.ratelimit.spec.cy.js",
      "file": "cypress/e2e/users.ratelimit.spec.cy.js",
      "beforeHooks": [],
      "afterHooks": [],
      "tests": [],
      "suites": [
        {
          "uuid": "e821f569-f28c-42cf-a3fa-2297cf126100",
          "title": "Usuarios - Rate Limit (100 req/min)",
          "fullFile": "",
          "file": "",
          "beforeHooks": [],
          "afterHooks": [],
          "tests": [
            {
              "title": "Cliente não excede 100 req/min (aceita 429 do servidor)",
              "fullTitle": "Usuarios - Rate Limit (100 req/min) Cliente não excede 100 req/min (aceita 429 do servidor)",
              "timedOut": null,
              "duration": 7516,
              "state": "passed",
              "speed": "medium",
              "pass": true,
              "fail": false,
              "pending": false,
              "context": null,
              "code": "let count = 0;\nCypress._.times(20, () => {\n  cy.wait(100);\n  cy.request({\n    method: 'GET',\n    url: usersPath,\n    headers: (0, _api.authHeaders)(),\n    failOnStatusCode: false\n  }).then(res => {\n    expect([200, 429]).to.include(res.status);\n    count += 1;\n  });\n});\ncy.then(() => {\n  expect(count).to.be.lte(LIMIT);\n});",
              "err": {},
              "uuid": "b037ba40-4c69-4375-bf3f-40d83fb15d61",
              "parentUUID": "e821f569-f28c-42cf-a3fa-2297cf126100",
              "isHook": false,
              "skipped": false
            }
          ],
          "suites": [],
          "passes": [
            "b037ba40-4c69-4375-bf3f-40d83fb15d61"
          ],
          "failures": [],
          "pending": [],
          "skipped": [],
          "duration": 7516,
          "root": false,
          "rootEmpty": false,
          "_timeout": 2000
        }
      ],
      "passes": [],
      "failures": [],
      "pending": [],
      "skipped": [],
      "duration": 0,
      "root": true,
      "rootEmpty": true,
      "_timeout": 2000
    }
  ],
  "meta": {
    "mocha": {
      "version": "7.2.0"
    },
    "mochawesome": {
      "options": {
        "quiet": false,
        "reportFilename": "mochawesome",
        "saveHtml": false,
        "saveJson": true,
        "consoleReporter": "spec",
        "useInlineDiffs": false,
        "code": true
      },
      "version": "7.1.4"
    },
    "marge": {
      "options": {
        "reportDir": "reports",
        "overwrite": false,
        "html": false,
        "json": true
      },
      "version": "6.3.0"
    }
  }
}