{
  "stats": {
    "suites": 1,
    "tests": 1,
    "passes": 1,
    "pending": 0,
    "failures": 0,
    "start": "2025-09-24T00:58:27.612Z",
    "end": "2025-09-24T00:58:28.220Z",
    "duration": 608,
    "testsRegistered": 1,
    "passPercent": 100,
    "pendingPercent": 0,
    "other": 0,
    "hasOther": false,
    "skipped": 0,
    "hasSkipped": false
  },
  "results": [
    {
      "uuid": "1ec85546-633b-4efc-9cfd-4c514aebfcee",
      "title": "",
      "fullFile": "cypress/e2e/auth.spec.cy.js",
      "file": "cypress/e2e/auth.spec.cy.js",
      "beforeHooks": [],
      "afterHooks": [],
      "tests": [],
      "suites": [
        {
          "uuid": "efb5f9ef-9980-4762-bd85-1ed817323afb",
          "title": "Auth - JWT",
          "fullFile": "",
          "file": "",
          "beforeHooks": [],
          "afterHooks": [],
          "tests": [
            {
              "title": "Cria admin e obtém token de autorização",
              "fullTitle": "Auth - JWT Cria admin e obtém token de autorização",
              "timedOut": null,
              "duration": 583,
              "state": "passed",
              "speed": "fast",
              "pass": true,
              "fail": false,
              "pending": false,
              "context": null,
              "code": "cy.auth_createAdminAndLogin();\ncy.then(() => {\n  expect(Cypress.env('token')).to.be.a('string').and.not.be.empty;\n});",
              "err": {},
              "uuid": "32c88720-ae99-46ab-865d-158f0a6872ed",
              "parentUUID": "efb5f9ef-9980-4762-bd85-1ed817323afb",
              "isHook": false,
              "skipped": false
            }
          ],
          "suites": [],
          "passes": [
            "32c88720-ae99-46ab-865d-158f0a6872ed"
          ],
          "failures": [],
          "pending": [],
          "skipped": [],
          "duration": 583,
          "root": false,
          "rootEmpty": false,
          "_timeout": 2000
        }
      ],
      "passes": [],
      "failures": [],
      "pending": [],
      "skipped": [],
      "duration": 0,
      "root": true,
      "rootEmpty": true,
      "_timeout": 2000
    }
  ],
  "meta": {
    "mocha": {
      "version": "7.2.0"
    },
    "mochawesome": {
      "options": {
        "quiet": false,
        "reportFilename": "mochawesome",
        "saveHtml": false,
        "saveJson": true,
        "consoleReporter": "spec",
        "useInlineDiffs": false,
        "code": true
      },
      "version": "7.1.4"
    },
    "marge": {
      "options": {
        "reportDir": "cypress/results",
        "overwrite": false,
        "html": false,
        "json": true
      },
      "version": "6.3.0"
    }
  }
}