{
  "stats": {
    "suites": 1,
    "tests": 6,
    "passes": 5,
    "pending": 0,
    "failures": 1,
    "start": "2025-09-23T22:29:27.418Z",
    "end": "2025-09-23T22:29:37.134Z",
    "duration": 9716,
    "testsRegistered": 6,
    "passPercent": 83.33333333333334,
    "pendingPercent": 0,
    "other": 0,
    "hasOther": false,
    "skipped": 0,
    "hasSkipped": false
  },
  "results": [
    {
      "uuid": "db94bd48-fbf8-4906-841d-7278912abfc0",
      "title": "",
      "fullFile": "cypress/e2e/users.validation.spec.cy.js",
      "file": "cypress/e2e/users.validation.spec.cy.js",
      "beforeHooks": [],
      "afterHooks": [],
      "tests": [],
      "suites": [
        {
          "uuid": "26a55084-2200-41cb-8e16-8e1461ed1782",
          "title": "Usuarios - Validações/Negativos",
          "fullFile": "",
          "file": "",
          "beforeHooks": [],
          "afterHooks": [],
          "tests": [
            {
              "title": "Campos obrigatórios faltando",
              "fullTitle": "Usuarios - Validações/Negativos Campos obrigatórios faltando",
              "timedOut": null,
              "duration": 1881,
              "state": "passed",
              "speed": "fast",
              "pass": true,
              "fail": false,
              "pending": false,
              "context": null,
              "code": "['nome', 'email', 'password', 'administrador'].forEach(field => {\n  const u = (0, _dataFactory.newUser)();\n  delete u[field];\n  cy.request({\n    method: 'POST',\n    url: usersPath,\n    headers: (0, _api.authHeaders)(),\n    body: u,\n    failOnStatusCode: false\n  }).its('status').should('be.oneOf', [400, 422]);\n});",
              "err": {},
              "uuid": "cacf2eb0-c879-4a85-a01f-3ba4c6a2f6db",
              "parentUUID": "26a55084-2200-41cb-8e16-8e1461ed1782",
              "isHook": false,
              "skipped": false
            },
            {
              "title": "Emails inválidos",
              "fullTitle": "Usuarios - Validações/Negativos Emails inválidos",
              "timedOut": null,
              "duration": 940,
              "state": "passed",
              "speed": "fast",
              "pass": true,
              "fail": false,
              "pending": false,
              "context": null,
              "code": "_users.default.invalidEmails.forEach(email => {\n  cy.request({\n    method: 'POST',\n    url: usersPath,\n    headers: (0, _api.authHeaders)(),\n    body: (0, _dataFactory.newUser)({\n      email\n    }),\n    failOnStatusCode: false\n  }).its('status').should('be.oneOf', [400, 422]);\n});",
              "err": {},
              "uuid": "bd660e45-11f6-47e3-8e90-5cfe8c7f10eb",
              "parentUUID": "26a55084-2200-41cb-8e16-8e1461ed1782",
              "isHook": false,
              "skipped": false
            },
            {
              "title": "Email duplicado",
              "fullTitle": "Usuarios - Validações/Negativos Email duplicado",
              "timedOut": null,
              "duration": 195,
              "state": "passed",
              "speed": "fast",
              "pass": true,
              "fail": false,
              "pending": false,
              "context": null,
              "code": "cy.request({\n  method: 'POST',\n  url: usersPath,\n  headers: (0, _api.authHeaders)(),\n  body: (0, _dataFactory.newUser)({\n    email: existing.email\n  }),\n  failOnStatusCode: false\n}).its('status').should('be.oneOf', [400, 409]);",
              "err": {},
              "uuid": "9aba4006-668c-4482-8a6d-b37a150f16b6",
              "parentUUID": "26a55084-2200-41cb-8e16-8e1461ed1782",
              "isHook": false,
              "skipped": false
            },
            {
              "title": "Campo \"administrador\" deve ser string \"true\" ou \"false\"",
              "fullTitle": "Usuarios - Validações/Negativos Campo \"administrador\" deve ser string \"true\" ou \"false\"",
              "timedOut": null,
              "duration": 932,
              "state": "passed",
              "speed": "fast",
              "pass": true,
              "fail": false,
              "pending": false,
              "context": null,
              "code": "const wrongTypes = [true, false, 1, 0, null];\nwrongTypes.forEach(val => {\n  cy.request({\n    method: 'POST',\n    url: usersPath,\n    headers: (0, _api.authHeaders)(),\n    body: (0, _dataFactory.newUser)({\n      administrador: val\n    }),\n    failOnStatusCode: false\n  }).its('status').should('be.oneOf', [400, 422]);\n});",
              "err": {},
              "uuid": "c9d6a4ad-e019-4b27-a64e-f885921310c8",
              "parentUUID": "26a55084-2200-41cb-8e16-8e1461ed1782",
              "isHook": false,
              "skipped": false
            },
            {
              "title": "Senhas fracas (ServeRest aceita → considerar limitação)",
              "fullTitle": "Usuarios - Validações/Negativos Senhas fracas (ServeRest aceita → considerar limitação)",
              "timedOut": null,
              "duration": 903,
              "state": "passed",
              "speed": "fast",
              "pass": true,
              "fail": false,
              "pending": false,
              "context": null,
              "code": "_users.default.weakPasswords.forEach(pwd => {\n  cy.request({\n    method: 'POST',\n    url: usersPath,\n    headers: (0, _api.authHeaders)(),\n    body: (0, _dataFactory.newUser)({\n      password: pwd\n    }),\n    failOnStatusCode: false\n  }).its('status').should('be.oneOf', [201, 400, 422]);\n});",
              "err": {},
              "uuid": "54239e8c-250e-4e53-80e5-ac23ddecf769",
              "parentUUID": "26a55084-2200-41cb-8e16-8e1461ed1782",
              "isHook": false,
              "skipped": false
            },
            {
              "title": "ID inexistente em GET/PUT/DELETE",
              "fullTitle": "Usuarios - Validações/Negativos ID inexistente em GET/PUT/DELETE",
              "timedOut": null,
              "duration": 4766,
              "state": "failed",
              "speed": null,
              "pass": false,
              "fail": true,
              "pending": false,
              "context": null,
              "code": "const ghost = '000000000000000000000000';\ncy.request({\n  method: 'GET',\n  url: `${usersPath}/${ghost}`,\n  headers: (0, _api.authHeaders)(),\n  failOnStatusCode: false\n}).its('status').should('be.oneOf', [400, 404]);\ncy.request({\n  method: 'PUT',\n  url: `${usersPath}/${ghost}`,\n  headers: (0, _api.authHeaders)(),\n  body: {\n    nome: 'X'\n  },\n  failOnStatusCode: false\n}).its('status').should('be.oneOf', [400, 404]);\ncy.request({\n  method: 'DELETE',\n  url: `${usersPath}/${ghost}`,\n  headers: (0, _api.authHeaders)(),\n  failOnStatusCode: false\n}).its('status').should('be.oneOf', [400, 404]);",
              "err": {
                "message": "AssertionError: Timed out retrying after 4000ms: expected 200 to be one of [ 400, 404 ]",
                "estack": "AssertionError: Timed out retrying after 4000ms: expected 200 to be one of [ 400, 404 ]\n    at Context.eval (webpack://qa-api-users/./cypress/e2e/users.validation.spec.cy.js:78:21)",
                "diff": "- 200\n+ [ 400, 404 ]\n"
              },
              "uuid": "36aaff15-7b30-4be0-b649-7bed69314dab",
              "parentUUID": "26a55084-2200-41cb-8e16-8e1461ed1782",
              "isHook": false,
              "skipped": false
            }
          ],
          "suites": [],
          "passes": [
            "cacf2eb0-c879-4a85-a01f-3ba4c6a2f6db",
            "bd660e45-11f6-47e3-8e90-5cfe8c7f10eb",
            "9aba4006-668c-4482-8a6d-b37a150f16b6",
            "c9d6a4ad-e019-4b27-a64e-f885921310c8",
            "54239e8c-250e-4e53-80e5-ac23ddecf769"
          ],
          "failures": [
            "36aaff15-7b30-4be0-b649-7bed69314dab"
          ],
          "pending": [],
          "skipped": [],
          "duration": 9617,
          "root": false,
          "rootEmpty": false,
          "_timeout": 2000
        }
      ],
      "passes": [],
      "failures": [],
      "pending": [],
      "skipped": [],
      "duration": 0,
      "root": true,
      "rootEmpty": true,
      "_timeout": 2000
    }
  ],
  "meta": {
    "mocha": {
      "version": "7.2.0"
    },
    "mochawesome": {
      "options": {
        "quiet": false,
        "reportFilename": "mochawesome",
        "saveHtml": false,
        "saveJson": true,
        "consoleReporter": "spec",
        "useInlineDiffs": false,
        "code": true
      },
      "version": "7.1.4"
    },
    "marge": {
      "options": {
        "reportDir": "cypress/results",
        "overwrite": false,
        "html": false,
        "json": true
      },
      "version": "6.3.0"
    }
  }
}